$ /mnt01/oracle/product/DBHome1911/bin/dbupgrade -n 16 -l /tmp/AUXDB_dbupgrade_logs

Argument list for [/mnt01/oracle/product/DBHome1911/rdbms/admin/catctl.pl]
For Oracle internal use only A = 0
Run in                       c = 0
Do not run in                C = 0
Input Directory              d = 0
Echo OFF                     e = 1
Simulate                     E = 0
Forced cleanup               F = 0
Log Id                       i = 0
Child Process                I = 0
Log Dir                      l = /tmp/AUXDB_dbupgrade_logs
Priority List Name           L = 0
Upgrade Mode active          M = 0
SQL Process Count            n = 16
SQL PDB Process Count        N = 0
Open Mode Normal             o = 0
Start Phase                  p = 0
End Phase                    P = 0
Reverse Order                r = 0
AutoUpgrade Resume           R = 0
Script                       s = 0
Serial Run                   S = 0
RO User Tablespaces          T = 0
Display Phases               y = 0
Debug catcon.pm              z = 0
Debug catctl.pl              Z = 0

catctl.pl VERSION: [19.0.0.0.0]
           STATUS: [Production]
            BUILD: [RDBMS_19.11.0.0.0DBRU_LINUX.X64_210412]


/mnt01/oracle/product/DBHome1911/rdbms/admin/orahome = [/mnt01/oracle/product/DBHome1911]
/mnt01/oracle/product/DBHome1911/bin/orabasehome = [/mnt01/oracle/product/DBHome1911]
catctlGetOraBaseLogDir = [/mnt01/oracle/product/DBHome1911]

Analyzing file /mnt01/oracle/product/DBHome1911/rdbms/admin/catupgrd.sql

Log file directory = [/tmp/AUXDB_dbupgrade_logs]

catcon::set_log_file_base_path: ALL catcon-related output will be written to [/tmp/AUXDB_dbupgrade_logs/catupgrd_catcon_194203.lst]

catcon::set_log_file_base_path: catcon: See [/tmp/AUXDB_dbupgrade_logs/catupgrd*.log] files for output generated by scripts

catcon::set_log_file_base_path: catcon: See [/tmp/AUXDB_dbupgrade_logs/catupgrd_*.lst] files for spool files, if any


Number of Cpus        = 32
Database Name         = AUXDB
DataBase Version      = 11.2.0.4.0
Parallel SQL Process Count            = 8
Components in [AUXDB]
    Installed [APEX CATALOG CATJAVA CATPROC EM JAVAVM ORDIM OWM RAC XDB XML]
Not Installed [APS CONTEXT DV MGW ODM OLS SDO WK XOQ]
DataBase Version      = 11.2.0.4.0

------------------------------------------------------
Phases [0-107]         Start Time:[2022_03_22 06:35:57]
------------------------------------------------------
***********   Executing Change Scripts   ***********
Serial   Phase #:0    [AUXDB] Files:1    Time: 111s
***************   Catalog Core SQL   ***************
Serial   Phase #:1    [AUXDB] Files:5    Time: 22s
Restart  Phase #:2    [AUXDB] Files:1    Time: 0s
***********   Catalog Tables and Views   ***********
Parallel Phase #:3    [AUXDB] Files:19   Time: 3s
Restart  Phase #:4    [AUXDB] Files:1    Time: 1s
*************   Catalog Final Scripts   ************
Serial   Phase #:5    [AUXDB] Files:7    Time: 10s
*****************   Catproc Start   ****************
Serial   Phase #:6    [AUXDB] Files:1    Time: 6s
*****************   Catproc Types   ****************
Serial   Phase #:7    [AUXDB] Files:2    Time: 5s
Restart  Phase #:8    [AUXDB] Files:1    Time: 0s
****************   Catproc Tables   ****************
Parallel Phase #:9    [AUXDB] Files:69   Time: 6s
Restart  Phase #:10   [AUXDB] Files:1    Time: 0s
*************   Catproc Package Specs   ************
Serial   Phase #:11   [AUXDB] Files:1    Time: 62s
Restart  Phase #:12   [AUXDB] Files:1    Time: 0s
**************   Catproc Procedures   **************
Parallel Phase #:13   [AUXDB] Files:94   Time: 1s
Restart  Phase #:14   [AUXDB] Files:1    Time: 0s
Parallel Phase #:15   [AUXDB] Files:122  Time: 3s
Restart  Phase #:16   [AUXDB] Files:1    Time: 0s
Serial   Phase #:17   [AUXDB] Files:25   Time: 2s
Restart  Phase #:18   [AUXDB] Files:1    Time: 0s
*****************   Catproc Views   ****************
Parallel Phase #:19   [AUXDB] Files:32   Time: 4s
Restart  Phase #:20   [AUXDB] Files:1    Time: 1s
Serial   Phase #:21   [AUXDB] Files:3    Time: 6s
Restart  Phase #:22   [AUXDB] Files:1    Time: 0s
Parallel Phase #:23   [AUXDB] Files:25   Time: 84s
Restart  Phase #:24   [AUXDB] Files:1    Time: 0s
Parallel Phase #:25   [AUXDB] Files:12   Time: 53s
Restart  Phase #:26   [AUXDB] Files:1    Time: 0s
Serial   Phase #:27   [AUXDB] Files:1    Time: 0s
Serial   Phase #:28   [AUXDB] Files:4    Time: 2s
Serial   Phase #:29   [AUXDB] Files:1    Time: 0s
Restart  Phase #:30   [AUXDB] Files:1    Time: 0s
***************   Catproc CDB Views   **************
Serial   Phase #:31   [AUXDB] Files:1    Time: 0s
Restart  Phase #:32   [AUXDB] Files:1    Time: 0s
Serial   Phase #:34   [AUXDB] Files:1    Time: 0s
*****************   Catproc PLBs   *****************
Serial   Phase #:35   [AUXDB] Files:295  Time: 11s
Serial   Phase #:36   [AUXDB] Files:1    Time: 0s
Restart  Phase #:37   [AUXDB] Files:1    Time: 1s
Serial   Phase #:38   [AUXDB] Files:10   Time: 2s
Restart  Phase #:39   [AUXDB] Files:1    Time: 0s
***************   Catproc DataPump   ***************
Serial   Phase #:40   [AUXDB] Files:3    Time: 30s
Restart  Phase #:41   [AUXDB] Files:1    Time: 0s
******************   Catproc SQL   *****************
Parallel Phase #:42   [AUXDB] Files:13   Time: 48s
Restart  Phase #:43   [AUXDB] Files:1    Time: 0s
Parallel Phase #:44   [AUXDB] Files:11   Time: 5s
Restart  Phase #:45   [AUXDB] Files:1    Time: 0s
Parallel Phase #:46   [AUXDB] Files:3    Time: 0s
Restart  Phase #:47   [AUXDB] Files:1    Time: 1s
*************   Final Catproc scripts   ************
Serial   Phase #:48   [AUXDB] Files:1    Time: 4s
Restart  Phase #:49   [AUXDB] Files:1    Time: 1s
**************   Final RDBMS scripts   *************
Serial   Phase #:50   [AUXDB] Files:1    Time: 16s
************   Upgrade Component Start   ***********
Serial   Phase #:51   [AUXDB] Files:1    Time: 0s
Restart  Phase #:52   [AUXDB] Files:1    Time: 0s
**********   Upgrading Java and non-Java   *********
Serial   Phase #:53   [AUXDB] Files:2    Time: 217s
*****************   Upgrading XDB   ****************
Restart  Phase #:54   [AUXDB] Files:1    Time: 0s
Serial   Phase #:56   [AUXDB] Files:3    Time: 14s
Serial   Phase #:57   [AUXDB] Files:3    Time: 2s
Parallel Phase #:58   [AUXDB] Files:10   Time: 1s
Parallel Phase #:59   [AUXDB] Files:25   Time: 2s
Serial   Phase #:60   [AUXDB] Files:4    Time: 5s
Serial   Phase #:61   [AUXDB] Files:1    Time: 0s
Serial   Phase #:62   [AUXDB] Files:32   Time: 1s
Serial   Phase #:63   [AUXDB] Files:1    Time: 0s
Parallel Phase #:64   [AUXDB] Files:6    Time: 5s
Serial   Phase #:65   [AUXDB] Files:2    Time: 11s
Serial   Phase #:66   [AUXDB] Files:3    Time: 49s
****************   Upgrading ORDIM   ***************
Restart  Phase #:67   [AUXDB] Files:1    Time: 0s
Serial   Phase #:69   [AUXDB] Files:1    Time: 0s
Parallel Phase #:70   [AUXDB] Files:2    Time: 15s
Restart  Phase #:71   [AUXDB] Files:1    Time: 0s
Parallel Phase #:72   [AUXDB] Files:2    Time: 64s
Serial   Phase #:73   [AUXDB] Files:2    Time: 0s
*****************   Upgrading SDO   ****************
Restart  Phase #:74   [AUXDB] Files:1    Time: 0s
Serial   Phase #:76   [AUXDB] Files:1    Time: 1s
Serial   Phase #:77   [AUXDB] Files:2    Time: 0s
Restart  Phase #:78   [AUXDB] Files:1    Time: 1s
Serial   Phase #:79   [AUXDB] Files:1    Time: 0s
Restart  Phase #:80   [AUXDB] Files:1    Time: 0s
Parallel Phase #:81   [AUXDB] Files:3    Time: 1s
Restart  Phase #:82   [AUXDB] Files:1    Time: 0s
Serial   Phase #:83   [AUXDB] Files:1    Time: 0s
Restart  Phase #:84   [AUXDB] Files:1    Time: 0s
Serial   Phase #:85   [AUXDB] Files:1    Time: 1s
Restart  Phase #:86   [AUXDB] Files:1    Time: 0s
Parallel Phase #:87   [AUXDB] Files:4    Time: 0s
Restart  Phase #:88   [AUXDB] Files:1    Time: 1s
Serial   Phase #:89   [AUXDB] Files:1    Time: 0s
Restart  Phase #:90   [AUXDB] Files:1    Time: 0s
Serial   Phase #:91   [AUXDB] Files:2    Time: 1s
Restart  Phase #:92   [AUXDB] Files:1    Time: 0s
Serial   Phase #:93   [AUXDB] Files:1    Time: 0s
Restart  Phase #:94   [AUXDB] Files:1    Time: 0s
*******   Upgrading ODM, WK, EXF, RUL, XOQ   *******
Serial   Phase #:95   [AUXDB] Files:1    Time: 5s
Restart  Phase #:96   [AUXDB] Files:1    Time: 0s
***********   Final Component scripts    ***********
Serial   Phase #:97   [AUXDB] Files:1    Time: 1s
*************   Final Upgrade scripts   ************
Serial   Phase #:98   [AUXDB] Files:1    Time: 48s
*******************   Migration   ******************
Serial   Phase #:99   [AUXDB] Files:1    Time: 22s
***   End PDB Application Upgrade Pre-Shutdown   ***
Serial   Phase #:100  [AUXDB] Files:1    Time: 0s
Serial   Phase #:101  [AUXDB] Files:1    Time: 0s
Serial   Phase #:102  [AUXDB] Files:1    Time: 66s
*****************   Post Upgrade   *****************
Serial   Phase #:103  [AUXDB] Files:1    Time: 33s
****************   Summary report   ****************
Serial   Phase #:104  [AUXDB] Files:1    Time: 0s
***   End PDB Application Upgrade Post-Shutdown   **
Serial   Phase #:105  [AUXDB] Files:1    Time: 1s
Serial   Phase #:106  [AUXDB] Files:1    Time: 0s
Serial   Phase #:107  [AUXDB] Files:1     Time: 35s

------------------------------------------------------
Phases [0-107]         End Time:[2022_03_22 06:54:21]
------------------------------------------------------

Grand Total Time: 1130s



*** WARNING: ERRORS FOUND DURING UPGRADE ***

 1. Evaluate the errors found in the upgrade logs
    and determine the proper action.
 2. Rerun the upgrade when the problem is resolved

REASON:
      ERRORS FOUND: During Upgrade
         FILENAME: /tmp/AUXDB_dbupgrade_logs/catupgrd0.log AT LINE NUMBER: 754528
------------------------------------------------------
Identifier CATPROC 22-04-09 06:43:10
SCRIPT    = [/mnt01/oracle/product/DBHome1911/rdbms/admin/execsvrm.sql]
ERROR     = [ORA-13509: error encountered during updates to a AWR table ORA-12899: value too large for column ORA-12899: value too large for column "SYS"."OBJ$"."SUBNAME" (actual: 31, maximum: 30)
 (actual: , maximum: )
ORA-06512: at "SYS.DBMS_SWRF_INTERNAL", line 524
ORA-06512: at line 3
]
STATEMENT = [BEGIN
  /* Perform the required AWR catalog operations for this release */
  dbms_swrf_internal.refresh_catalog;
END;]
------------------------------------------------------
------------------------------------------------------
Identifier CATPROC 22-04-09 06:43:10
SCRIPT    = [/mnt01/oracle/product/DBHome1911/rdbms/admin/execsvrm.sql]
ERROR     = [ORA-12899: value too large for column ORA-12899: value too large for column "SYS"."OBJ$"."SUBNAME" (actual: 31, maximum: 30)
 (actual: , maximum: )
ORA-06512: at "SYS.DBMS_SWRF_INTERNAL", line 524
ORA-06512: at line 3
]
STATEMENT = [as above]
------------------------------------------------------
------------------------------------------------------
Identifier CATPROC 22-04-09 06:43:10
SCRIPT    = [/mnt01/oracle/product/DBHome1911/rdbms/admin/execsvrm.sql]
ERROR     = ["SYS"."OBJ$"."SUBNAME" (actual: 31, maximum: 30)  (actual: , maximum: )
ORA-06512: at "SYS.DBMS_SWRF_INTERNAL", line 524
ORA-06512: at line 3
]
STATEMENT = [as above]
------------------------------------------------------
------------------------------------------------------
Identifier CATPROC 22-04-09 06:43:10
SCRIPT    = [/mnt01/oracle/product/DBHome1911/rdbms/admin/execsvrm.sql]
ERROR     = [(actual: , maximum: ) ORA-06512: at "SYS.DBMS_SWRF_INTERNAL", line 524
ORA-06512: at line 3
]
STATEMENT = [as above]
------------------------------------------------------
------------------------------------------------------
Identifier CATPROC 22-04-09 06:43:10
SCRIPT    = [/mnt01/oracle/product/DBHome1911/rdbms/admin/execsvrm.sql]
ERROR     = [ORA-06512: at "SYS.DBMS_SWRF_INTERNAL", line 524 ORA-06512: at line 3
]
STATEMENT = [as above]
------------------------------------------------------
------------------------------------------------------
Identifier CATPROC 22-04-09 06:43:10
SCRIPT    = [/mnt01/oracle/product/DBHome1911/rdbms/admin/execsvrm.sql]
ERROR     = [ORA-06512: at line 3]
STATEMENT = [as above]
------------------------------------------------------

 LOG FILES: (/tmp/AUXDB_dbupgrade_logs/catupgrd*.log)

Upgrade Summary Report Located in:
/tmp/AUXDB_dbupgrade_logs/upg_summary.log

Grand Total Upgrade Time:    [0d:0h:18m:50s]

$
